<?xml version="1.0" encoding="UTF-8"?>
<testsuite xmlns:xsi="http://www.w3.org/2001/XMLSchema-instance" xsi:noNamespaceSchemaLocation="https://maven.apache.org/surefire/maven-surefire-plugin/xsd/surefire-test-report-3.0.xsd" version="3.0" name="alex.momotov.reality.DirectionTest" time="0.0" tests="2" errors="0" skipped="0" failures="0">
  <properties>
    <property name="java.specification.version" value="17"/>
    <property name="sun.jnu.encoding" value="UTF-8"/>
    <property name="java.class.path" value="/Users/omomotov/_docs/_projects/snake/target/test-classes:/Users/omomotov/_docs/_projects/snake/target/classes:/Users/omomotov/.m2/repository/junit/junit/4.13.2/junit-4.13.2.jar:/Users/omomotov/.m2/repository/org/hamcrest/hamcrest-core/1.3/hamcrest-core-1.3.jar:/Users/omomotov/.m2/repository/com/github/tomas-langer/chalk/1.0.2/chalk-1.0.2.jar:/Users/omomotov/.m2/repository/org/fusesource/hawtjni/hawtjni-runtime/1.11/hawtjni-runtime-1.11.jar:/Users/omomotov/.m2/repository/org/fusesource/jansi/jansi-native/1.5/jansi-native-1.5.jar:/Users/omomotov/.m2/repository/org/fusesource/jansi/jansi-native/1.5/jansi-native-1.5-windows32.jar:/Users/omomotov/.m2/repository/org/fusesource/jansi/jansi-native/1.5/jansi-native-1.5-windows64.jar:/Users/omomotov/.m2/repository/jline/jline/2.14.2/jline-2.14.2.jar:"/>
    <property name="java.vm.vendor" value="Azul Systems, Inc."/>
    <property name="sun.arch.data.model" value="64"/>
    <property name="java.vendor.url" value="http://www.azul.com/"/>
    <property name="os.name" value="Mac OS X"/>
    <property name="java.vm.specification.version" value="17"/>
    <property name="sun.java.launcher" value="SUN_STANDARD"/>
    <property name="user.country" value="GB"/>
    <property name="sun.boot.library.path" value="/Library/Java/JavaVirtualMachines/zulu-17.jdk/Contents/Home/lib"/>
    <property name="sun.java.command" value="/Users/omomotov/_docs/_projects/snake/target/surefire/surefirebooter-20250721154650458_3.jar /Users/omomotov/_docs/_projects/snake/target/surefire 2025-07-21T15-46-50_413-jvmRun1 surefire-20250721154650458_1tmp surefire_0-20250721154650458_2tmp"/>
    <property name="http.nonProxyHosts" value="local|*.local|169.254/16|*.169.254/16"/>
    <property name="jdk.debug" value="release"/>
    <property name="surefire.test.class.path" value="/Users/omomotov/_docs/_projects/snake/target/test-classes:/Users/omomotov/_docs/_projects/snake/target/classes:/Users/omomotov/.m2/repository/junit/junit/4.13.2/junit-4.13.2.jar:/Users/omomotov/.m2/repository/org/hamcrest/hamcrest-core/1.3/hamcrest-core-1.3.jar:/Users/omomotov/.m2/repository/com/github/tomas-langer/chalk/1.0.2/chalk-1.0.2.jar:/Users/omomotov/.m2/repository/org/fusesource/hawtjni/hawtjni-runtime/1.11/hawtjni-runtime-1.11.jar:/Users/omomotov/.m2/repository/org/fusesource/jansi/jansi-native/1.5/jansi-native-1.5.jar:/Users/omomotov/.m2/repository/org/fusesource/jansi/jansi-native/1.5/jansi-native-1.5-windows32.jar:/Users/omomotov/.m2/repository/org/fusesource/jansi/jansi-native/1.5/jansi-native-1.5-windows64.jar:/Users/omomotov/.m2/repository/jline/jline/2.14.2/jline-2.14.2.jar:"/>
    <property name="sun.cpu.endian" value="little"/>
    <property name="user.home" value="/Users/omomotov"/>
    <property name="user.language" value="en"/>
    <property name="java.specification.vendor" value="Oracle Corporation"/>
    <property name="java.version.date" value="2025-04-15"/>
    <property name="java.home" value="/Library/Java/JavaVirtualMachines/zulu-17.jdk/Contents/Home"/>
    <property name="file.separator" value="/"/>
    <property name="basedir" value="/Users/omomotov/_docs/_projects/snake"/>
    <property name="java.vm.compressedOopsMode" value="Zero based"/>
    <property name="line.separator" value="&#10;"/>
    <property name="java.specification.name" value="Java Platform API Specification"/>
    <property name="java.vm.specification.vendor" value="Oracle Corporation"/>
    <property name="surefire.real.class.path" value="/Users/omomotov/_docs/_projects/snake/target/surefire/surefirebooter-20250721154650458_3.jar"/>
    <property name="sun.management.compiler" value="HotSpot 64-Bit Tiered Compilers"/>
    <property name="ftp.nonProxyHosts" value="local|*.local|169.254/16|*.169.254/16"/>
    <property name="java.runtime.version" value="17.0.15+6-LTS"/>
    <property name="user.name" value="omomotov"/>
    <property name="path.separator" value=":"/>
    <property name="os.version" value="15.5"/>
    <property name="java.runtime.name" value="OpenJDK Runtime Environment"/>
    <property name="file.encoding" value="UTF-8"/>
    <property name="java.vm.name" value="OpenJDK 64-Bit Server VM"/>
    <property name="java.vendor.version" value="Zulu17.58+21-CA"/>
    <property name="localRepository" value="/Users/omomotov/.m2/repository"/>
    <property name="java.vendor.url.bug" value="http://www.azul.com/support/"/>
    <property name="java.io.tmpdir" value="/var/folders/3x/wzxsntj50s754m4yqph9l0km0000gq/T/"/>
    <property name="java.version" value="17.0.15"/>
    <property name="user.dir" value="/Users/omomotov/_docs/_projects/snake"/>
    <property name="os.arch" value="aarch64"/>
    <property name="java.vm.specification.name" value="Java Virtual Machine Specification"/>
    <property name="native.encoding" value="UTF-8"/>
    <property name="java.library.path" value="/Users/omomotov/Library/Java/Extensions:/Library/Java/Extensions:/Network/Library/Java/Extensions:/System/Library/Java/Extensions:/usr/lib/java:."/>
    <property name="java.vm.info" value="mixed mode, sharing"/>
    <property name="java.vendor" value="Azul Systems, Inc."/>
    <property name="java.vm.version" value="17.0.15+6-LTS"/>
    <property name="java.specification.maintenance.version" value="1"/>
    <property name="sun.io.unicode.encoding" value="UnicodeBig"/>
    <property name="socksNonProxyHosts" value="local|*.local|169.254/16|*.169.254/16"/>
    <property name="java.class.version" value="61.0"/>
  </properties>
  <testcase name="testIsOpositeFalse" classname="alex.momotov.reality.DirectionTest" time="0.0"/>
  <testcase name="testIsOpositeTrue" classname="alex.momotov.reality.DirectionTest" time="0.0"/>
</testsuite>